<?xml version="1.0" encoding="UTF-8"?>
<testsuite name="HealthController tests" tests="2" skipped="0" failures="0" errors="0" timestamp="2026-06-09T11:29:17" hostname="YOUNGHUN" time="1.067">
  <properties/>
  <testcase name="GET /api/v1/health returns 200 with expected fields" classname="com.deoreonem.api.controller.HealthControllerTest" time="1.055"/>
  <testcase name="GET /api/v1/health response does not contain success/error envelope" classname="com.deoreonem.api.controller.HealthControllerTest" time="0.009"/>
  <system-out><![CDATA[20:29:15.078 [Test worker] INFO org.springframework.test.context.support.AnnotationConfigContextLoaderUtils -- Could not detect default configuration classes for test class [com.deoreonem.api.controller.HealthControllerTest]: HealthControllerTest does not declare any static, non-private, non-final, nested classes annotated with @Configuration.
20:29:15.312 [Test worker] INFO org.springframework.boot.test.context.SpringBootTestContextBootstrapper -- Found @SpringBootConfiguration com.deoreonem.api.DeoreonemApiApplication for test class com.deoreonem.api.controller.HealthControllerTest

  .   ____          _            __ _ _
 /\\ / ___'_ __ _ _(_)_ __  __ _ \ \ \ \
( ( )\___ | '_ | '_| | '_ \/ _` | \ \ \ \
 \\/  ___)| |_)| | | | | || (_| |  ) ) ) )
  '  |____| .__|_| |_|_| |_\__, | / / / /
 =========|_|==============|___/=/_/_/_/

 :: Spring Boot ::                (v3.3.5)

2026-06-09T20:29:15.873+09:00  INFO 29716 --- [deoreonem-api] [    Test worker] c.d.api.controller.HealthControllerTest  : Starting HealthControllerTest using Java 21.0.9 with PID 29716 (started by LG in C:\dev\deoreonem\server\deoreonem_api)
2026-06-09T20:29:15.881+09:00  INFO 29716 --- [deoreonem-api] [    Test worker] c.d.api.controller.HealthControllerTest  : No active profile set, falling back to 1 default profile: "default"
2026-06-09T20:29:17.324+09:00  INFO 29716 --- [deoreonem-api] [    Test worker] o.s.b.t.m.w.SpringBootMockServletContext : Initializing Spring TestDispatcherServlet ''
2026-06-09T20:29:17.328+09:00  INFO 29716 --- [deoreonem-api] [    Test worker] o.s.t.web.servlet.TestDispatcherServlet  : Initializing Servlet ''
2026-06-09T20:29:17.330+09:00  INFO 29716 --- [deoreonem-api] [    Test worker] o.s.t.web.servlet.TestDispatcherServlet  : Completed initialization in 1 ms
2026-06-09T20:29:17.367+09:00  INFO 29716 --- [deoreonem-api] [    Test worker] c.d.api.controller.HealthControllerTest  : Started HealthControllerTest in 1.968 seconds (process running for 3.756)
]]></system-out>
  <system-err><![CDATA[WARNING: A Java agent has been loaded dynamically (C:\Users\LG\.gradle\caches\modules-2\files-2.1\net.bytebuddy\byte-buddy-agent\1.14.19\154da3a65b4f4a909d3e5bdec55d1b2b4cbb6ce1\byte-buddy-agent-1.14.19.jar)
WARNING: If a serviceability tool is in use, please run with -XX:+EnableDynamicAgentLoading to hide this warning
WARNING: If a serviceability tool is not in use, please run with -Djdk.instrument.traceUsage for more information
WARNING: Dynamic loading of agents will be disallowed by default in a future release
]]></system-err>
</testsuite>
